16:48:31.003 [main] INFO  com.web.Start - Starting Start on Adam with PID 5260 (E:\MyProjects\EnjoyLife\WebModule\target\classes started by Administrator in E:\MyProjects\EnjoyLife) 
16:48:31.010 [main] INFO  com.web.Start - No profiles are active 
16:48:31.095 [main] INFO  o.s.b.c.e.AnnotationConfigEmbeddedWebApplicationContext - Refreshing org.springframework.boot.context.embedded.AnnotationConfigEmbeddedWebApplicationContext@17c386de: startup date [Tue May 03 16:48:31 CST 2016]; root of context hierarchy 
16:48:32.112 [main] INFO  o.s.b.f.s.DefaultListableBeanFactory - Overriding bean definition for bean 'beanNameViewResolver' with a different definition: replacing [Root bean: class [null]; scope=; abstract=false; lazyInit=false; autowireMode=3; dependencyCheck=0; autowireCandidate=true; primary=false; factoryBeanName=org.springframework.boot.autoconfigure.web.ErrorMvcAutoConfiguration$WhitelabelErrorViewConfiguration; factoryMethodName=beanNameViewResolver; initMethodName=null; destroyMethodName=(inferred); defined in class path resource [org/springframework/boot/autoconfigure/web/ErrorMvcAutoConfiguration$WhitelabelErrorViewConfiguration.class]] with [Root bean: class [null]; scope=; abstract=false; lazyInit=false; autowireMode=3; dependencyCheck=0; autowireCandidate=true; primary=false; factoryBeanName=org.springframework.boot.autoconfigure.web.WebMvcAutoConfiguration$WebMvcAutoConfigurationAdapter; factoryMethodName=beanNameViewResolver; initMethodName=null; destroyMethodName=(inferred); defined in class path resource [org/springframework/boot/autoconfigure/web/WebMvcAutoConfiguration$WebMvcAutoConfigurationAdapter.class]] 
16:48:32.152 [main] INFO  o.s.b.f.s.DefaultListableBeanFactory - Overriding bean definition for bean 'freeMarkerConfiguration' with a different definition: replacing [Root bean: class [null]; scope=; abstract=false; lazyInit=false; autowireMode=3; dependencyCheck=0; autowireCandidate=true; primary=false; factoryBeanName=freemarkerConfiguration.FreeMarkerWebConfiguration; factoryMethodName=freeMarkerConfiguration; initMethodName=null; destroyMethodName=(inferred); defined in class path resource [com/web/configure/FreemarkerConfiguration$FreeMarkerWebConfiguration.class]] with [Root bean: class [null]; scope=; abstract=false; lazyInit=false; autowireMode=3; dependencyCheck=0; autowireCandidate=true; primary=false; factoryBeanName=org.springframework.boot.autoconfigure.freemarker.FreeMarkerAutoConfiguration$FreeMarkerWebConfiguration; factoryMethodName=freeMarkerConfiguration; initMethodName=null; destroyMethodName=(inferred); defined in class path resource [org/springframework/boot/autoconfigure/freemarker/FreeMarkerAutoConfiguration$FreeMarkerWebConfiguration.class]] 
16:48:32.694 [main] INFO  o.s.c.s.PostProcessorRegistrationDelegate$BeanPostProcessorChecker - Bean 'mybatisConfiguration' of type [class com.web.configure.MybatisConfiguration$$EnhancerBySpringCGLIB$$f4b94ad5] is not eligible for getting processed by all BeanPostProcessors (for example: not eligible for auto-proxying) 
16:48:32.703 [main] INFO  o.s.c.s.PostProcessorRegistrationDelegate$BeanPostProcessorChecker - Bean 'dataSourceConfiguration' of type [class com.web.configure.DataSourceConfiguration$$EnhancerBySpringCGLIB$$df571c05] is not eligible for getting processed by all BeanPostProcessors (for example: not eligible for auto-proxying) 
16:48:32.751 [main] INFO  com.zaxxer.hikari.HikariDataSource - HikariPool-0 - is starting. 
16:48:33.133 [main] INFO  o.s.c.s.PostProcessorRegistrationDelegate$BeanPostProcessorChecker - Bean 'dataSource' of type [class com.zaxxer.hikari.HikariDataSource] is not eligible for getting processed by all BeanPostProcessors (for example: not eligible for auto-proxying) 
16:48:33.450 [main] INFO  o.s.c.s.PostProcessorRegistrationDelegate$BeanPostProcessorChecker - Bean 'buildSqlSessionFactory' of type [class org.apache.ibatis.session.defaults.DefaultSqlSessionFactory] is not eligible for getting processed by all BeanPostProcessors (for example: not eligible for auto-proxying) 
16:48:33.466 [main] INFO  o.s.c.s.PostProcessorRegistrationDelegate$BeanPostProcessorChecker - Bean 'typeMapper' of type [class org.mybatis.spring.mapper.MapperFactoryBean] is not eligible for getting processed by all BeanPostProcessors (for example: not eligible for auto-proxying) 
16:48:33.468 [main] INFO  o.s.c.s.PostProcessorRegistrationDelegate$BeanPostProcessorChecker - Bean 'commentMapper' of type [class org.mybatis.spring.mapper.MapperFactoryBean] is not eligible for getting processed by all BeanPostProcessors (for example: not eligible for auto-proxying) 
16:48:33.470 [main] INFO  o.s.c.s.PostProcessorRegistrationDelegate$BeanPostProcessorChecker - Bean 'articleTypeMapper' of type [class org.mybatis.spring.mapper.MapperFactoryBean] is not eligible for getting processed by all BeanPostProcessors (for example: not eligible for auto-proxying) 
16:48:33.472 [main] INFO  o.s.c.s.PostProcessorRegistrationDelegate$BeanPostProcessorChecker - Bean 'articleMapper' of type [class org.mybatis.spring.mapper.MapperFactoryBean] is not eligible for getting processed by all BeanPostProcessors (for example: not eligible for auto-proxying) 
16:48:33.473 [main] INFO  o.s.c.s.PostProcessorRegistrationDelegate$BeanPostProcessorChecker - Bean 'articleCommentMapper' of type [class org.mybatis.spring.mapper.MapperFactoryBean] is not eligible for getting processed by all BeanPostProcessors (for example: not eligible for auto-proxying) 
16:48:33.504 [main] INFO  o.s.c.s.PostProcessorRegistrationDelegate$BeanPostProcessorChecker - Bean 'org.springframework.transaction.annotation.ProxyTransactionManagementConfiguration' of type [class org.springframework.transaction.annotation.ProxyTransactionManagementConfiguration$$EnhancerBySpringCGLIB$$f05749e] is not eligible for getting processed by all BeanPostProcessors (for example: not eligible for auto-proxying) 
16:48:34.090 [main] INFO  o.s.b.c.e.t.TomcatEmbeddedServletContainer - Tomcat initialized with port(s): 8080 (http) 
16:48:34.107 [main] INFO  o.a.catalina.core.StandardService - Starting service Tomcat 
16:48:34.109 [main] INFO  o.a.catalina.core.StandardEngine - Starting Servlet Engine: Apache Tomcat/8.0.28 
16:48:34.236 [localhost-startStop-1] INFO  o.a.c.c.C.[Tomcat].[localhost].[/] - Initializing Spring embedded WebApplicationContext 
16:48:34.236 [localhost-startStop-1] INFO  o.s.web.context.ContextLoader - Root WebApplicationContext: initialization completed in 3142 ms 
16:48:34.587 [localhost-startStop-1] INFO  o.s.b.c.e.ServletRegistrationBean - Mapping servlet: 'dispatcherServlet' to [/] 
16:48:34.594 [localhost-startStop-1] INFO  o.s.b.c.e.FilterRegistrationBean - Mapping filter: 'characterEncodingFilter' to: [/*] 
16:48:34.594 [localhost-startStop-1] INFO  o.s.b.c.e.FilterRegistrationBean - Mapping filter: 'hiddenHttpMethodFilter' to: [/*] 
16:48:34.595 [localhost-startStop-1] INFO  o.s.b.c.e.FilterRegistrationBean - Mapping filter: 'httpPutFormContentFilter' to: [/*] 
16:48:34.595 [localhost-startStop-1] INFO  o.s.b.c.e.FilterRegistrationBean - Mapping filter: 'requestContextFilter' to: [/*] 
16:48:34.983 [main] INFO  o.s.w.s.v.f.FreeMarkerConfigurer - ClassTemplateLoader for Spring macros added to FreeMarker configuration 
16:48:35.154 [main] INFO  o.s.w.s.m.m.a.RequestMappingHandlerAdapter - Looking for @ControllerAdvice: org.springframework.boot.context.embedded.AnnotationConfigEmbeddedWebApplicationContext@17c386de: startup date [Tue May 03 16:48:31 CST 2016]; root of context hierarchy 
16:48:35.323 [main] INFO  o.s.w.s.m.m.a.RequestMappingHandlerMapping - Mapped "{[/blogs/getBlogs.html]}" onto public java.lang.String com.web.controller.BlogsController.list(com.foundation.view.Page<com.article.vo.ArticleWithBLOBs>)
16:48:35.325 [main] INFO  o.s.w.s.m.m.a.RequestMappingHandlerMapping - Mapped "{[/blogs/getComment.html]}" onto public java.lang.String com.web.controller.BlogsController.getComment(com.foundation.view.Page<com.article.vo.Comment>)
16:48:35.325 [main] INFO  o.s.w.s.m.m.a.RequestMappingHandlerMapping - Mapped "{[/blogs/{sid}.html]}" onto public java.lang.String com.web.controller.BlogsController.getArticle(java.lang.Integer,org.springframework.ui.ModelMap) 
16:48:35.325 [main] INFO  o.s.w.s.m.m.a.RequestMappingHandlerMapping - Mapped "{[/blogs/saveComment.html]}" onto public java.lang.String com.web.controller.BlogsController.saveComment(com.foundation.form.CommentForm) 
16:48:35.329 [main] INFO  o.s.w.s.m.m.a.RequestMappingHandlerMapping - Mapped "{[/deploy/main.html]}" onto public java.lang.String com.web.controller.DeployController.main(javax.servlet.http.HttpServletRequest,java.lang.String,java.lang.String,java.lang.String) 
16:48:35.330 [main] INFO  o.s.w.s.m.m.a.RequestMappingHandlerMapping - Mapped "{[/deploy/save.html]}" onto public java.lang.String com.web.controller.DeployController.save(com.foundation.form.ArticleForm,javax.servlet.http.HttpServletRequest) 
16:48:35.330 [main] INFO  o.s.w.s.m.m.a.RequestMappingHandlerMapping - Mapped "{[/deploy/getType.html]}" onto public java.lang.String com.web.controller.DeployController.getType(javax.servlet.http.HttpServletRequest) 
16:48:35.330 [main] INFO  o.s.w.s.m.m.a.RequestMappingHandlerMapping - Mapped "{[/deploy/login.html]}" onto public java.lang.String com.web.controller.DeployController.login() 
16:48:35.331 [main] INFO  o.s.w.s.m.m.a.RequestMappingHandlerMapping - Mapped "{[/deploy/upload.html]}" onto public java.lang.String com.web.controller.DeployController.upload(java.lang.String,java.lang.String,java.lang.String,java.lang.String,org.springframework.web.multipart.MultipartFile,java.lang.String) 
16:48:35.332 [main] INFO  o.s.w.s.m.m.a.RequestMappingHandlerMapping - Mapped "{[/index.html]}" onto public java.lang.String com.web.controller.IndexController.index(javax.servlet.http.HttpServletRequest) 
16:48:35.333 [main] INFO  o.s.w.s.m.m.a.RequestMappingHandlerMapping - Mapped "{[/validate/getImage.jpg]}" onto public void com.web.controller.ValidateController.getImage(javax.servlet.http.HttpServletRequest,javax.servlet.http.HttpServletResponse) 
16:48:35.334 [main] INFO  o.s.w.s.m.m.a.RequestMappingHandlerMapping - Mapped "{[/error]}" onto public java.lang.String com.web.controller.WebErrorController.handleError(javax.servlet.http.HttpServletRequest) 
16:48:35.365 [main] INFO  o.s.w.s.h.SimpleUrlHandlerMapping - Mapped URL path [/webjars/**] onto handler of type [class org.springframework.web.servlet.resource.ResourceHttpRequestHandler] 
16:48:35.366 [main] INFO  o.s.w.s.h.SimpleUrlHandlerMapping - Mapped URL path [/**] onto handler of type [class org.springframework.web.servlet.resource.ResourceHttpRequestHandler] 
16:48:35.630 [main] INFO  o.s.j.e.a.AnnotationMBeanExporter - Registering beans for JMX exposure on startup 
16:48:35.633 [main] INFO  o.s.j.e.a.AnnotationMBeanExporter - Bean with name 'dataSource' has been autodetected for JMX exposure 
16:48:35.647 [main] INFO  o.s.j.e.a.AnnotationMBeanExporter - Located MBean 'dataSource': registering with JMX server as MBean [com.zaxxer.hikari:name=dataSource,type=HikariDataSource] 
16:48:35.867 [main] INFO  o.s.b.c.e.t.TomcatEmbeddedServletContainer - Tomcat started on port(s): 8080 (http) 
16:48:35.872 [main] INFO  com.web.Start - Started Start in 6.074 seconds (JVM running for 6.79) 
16:48:43.064 [http-nio-8080-exec-1] INFO  o.a.c.c.C.[Tomcat].[localhost].[/] - Initializing Spring FrameworkServlet 'dispatcherServlet' 
16:48:43.065 [http-nio-8080-exec-1] INFO  o.s.web.servlet.DispatcherServlet - FrameworkServlet 'dispatcherServlet': initialization started 
16:48:43.118 [http-nio-8080-exec-1] INFO  o.s.web.servlet.DispatcherServlet - FrameworkServlet 'dispatcherServlet': initialization completed in 53 ms 
16:48:43.147 [http-nio-8080-exec-1] INFO  controllerLog - 来自： 0:0:0:0:0:0:0:1  的朋友访问本站！         ------》 
16:48:44.223 [http-nio-8080-exec-8] INFO  controllerLog - 进入获取文章列表方法 
16:48:44.224 [http-nio-8080-exec-8] INFO  serviceLog - 进入查询文章分页方法 
16:48:44.311 [http-nio-8080-exec-8] INFO  controllerLog - 退出获取文章列表方法，返回参数：page对象信息： page: 2, pageNum: 10, pageSize: 10, listSize: 8 
16:52:10.373 [main] INFO  com.web.Start - Starting Start on Adam with PID 2528 (E:\MyProjects\EnjoyLife\WebModule\target\classes started by Administrator in E:\MyProjects\EnjoyLife) 
16:52:10.378 [main] INFO  com.web.Start - No profiles are active 
16:52:10.450 [main] INFO  o.s.b.c.e.AnnotationConfigEmbeddedWebApplicationContext - Refreshing org.springframework.boot.context.embedded.AnnotationConfigEmbeddedWebApplicationContext@5af97850: startup date [Tue May 03 16:52:10 CST 2016]; root of context hierarchy 
16:52:12.134 [main] INFO  o.s.b.f.s.DefaultListableBeanFactory - Overriding bean definition for bean 'beanNameViewResolver' with a different definition: replacing [Root bean: class [null]; scope=; abstract=false; lazyInit=false; autowireMode=3; dependencyCheck=0; autowireCandidate=true; primary=false; factoryBeanName=org.springframework.boot.autoconfigure.web.ErrorMvcAutoConfiguration$WhitelabelErrorViewConfiguration; factoryMethodName=beanNameViewResolver; initMethodName=null; destroyMethodName=(inferred); defined in class path resource [org/springframework/boot/autoconfigure/web/ErrorMvcAutoConfiguration$WhitelabelErrorViewConfiguration.class]] with [Root bean: class [null]; scope=; abstract=false; lazyInit=false; autowireMode=3; dependencyCheck=0; autowireCandidate=true; primary=false; factoryBeanName=org.springframework.boot.autoconfigure.web.WebMvcAutoConfiguration$WebMvcAutoConfigurationAdapter; factoryMethodName=beanNameViewResolver; initMethodName=null; destroyMethodName=(inferred); defined in class path resource [org/springframework/boot/autoconfigure/web/WebMvcAutoConfiguration$WebMvcAutoConfigurationAdapter.class]] 
16:52:12.181 [main] INFO  o.s.b.f.s.DefaultListableBeanFactory - Overriding bean definition for bean 'freeMarkerConfiguration' with a different definition: replacing [Root bean: class [null]; scope=; abstract=false; lazyInit=false; autowireMode=3; dependencyCheck=0; autowireCandidate=true; primary=false; factoryBeanName=freemarkerConfiguration.FreeMarkerWebConfiguration; factoryMethodName=freeMarkerConfiguration; initMethodName=null; destroyMethodName=(inferred); defined in class path resource [com/web/configure/FreemarkerConfiguration$FreeMarkerWebConfiguration.class]] with [Root bean: class [null]; scope=; abstract=false; lazyInit=false; autowireMode=3; dependencyCheck=0; autowireCandidate=true; primary=false; factoryBeanName=org.springframework.boot.autoconfigure.freemarker.FreeMarkerAutoConfiguration$FreeMarkerWebConfiguration; factoryMethodName=freeMarkerConfiguration; initMethodName=null; destroyMethodName=(inferred); defined in class path resource [org/springframework/boot/autoconfigure/freemarker/FreeMarkerAutoConfiguration$FreeMarkerWebConfiguration.class]] 
16:52:12.702 [main] INFO  o.s.c.s.PostProcessorRegistrationDelegate$BeanPostProcessorChecker - Bean 'mybatisConfiguration' of type [class com.web.configure.MybatisConfiguration$$EnhancerBySpringCGLIB$$64f44ca6] is not eligible for getting processed by all BeanPostProcessors (for example: not eligible for auto-proxying) 
16:52:12.719 [main] INFO  o.s.c.s.PostProcessorRegistrationDelegate$BeanPostProcessorChecker - Bean 'dataSourceConfiguration' of type [class com.web.configure.DataSourceConfiguration$$EnhancerBySpringCGLIB$$4f921dd6] is not eligible for getting processed by all BeanPostProcessors (for example: not eligible for auto-proxying) 
16:52:12.763 [main] INFO  com.zaxxer.hikari.HikariDataSource - HikariPool-0 - is starting. 
16:52:13.173 [main] INFO  o.s.c.s.PostProcessorRegistrationDelegate$BeanPostProcessorChecker - Bean 'dataSource' of type [class com.zaxxer.hikari.HikariDataSource] is not eligible for getting processed by all BeanPostProcessors (for example: not eligible for auto-proxying) 
16:52:13.553 [main] INFO  o.s.c.s.PostProcessorRegistrationDelegate$BeanPostProcessorChecker - Bean 'buildSqlSessionFactory' of type [class org.apache.ibatis.session.defaults.DefaultSqlSessionFactory] is not eligible for getting processed by all BeanPostProcessors (for example: not eligible for auto-proxying) 
16:52:13.563 [main] INFO  o.s.c.s.PostProcessorRegistrationDelegate$BeanPostProcessorChecker - Bean 'typeMapper' of type [class org.mybatis.spring.mapper.MapperFactoryBean] is not eligible for getting processed by all BeanPostProcessors (for example: not eligible for auto-proxying) 
16:52:13.565 [main] INFO  o.s.c.s.PostProcessorRegistrationDelegate$BeanPostProcessorChecker - Bean 'commentMapper' of type [class org.mybatis.spring.mapper.MapperFactoryBean] is not eligible for getting processed by all BeanPostProcessors (for example: not eligible for auto-proxying) 
16:52:13.567 [main] INFO  o.s.c.s.PostProcessorRegistrationDelegate$BeanPostProcessorChecker - Bean 'articleTypeMapper' of type [class org.mybatis.spring.mapper.MapperFactoryBean] is not eligible for getting processed by all BeanPostProcessors (for example: not eligible for auto-proxying) 
16:52:13.568 [main] INFO  o.s.c.s.PostProcessorRegistrationDelegate$BeanPostProcessorChecker - Bean 'articleMapper' of type [class org.mybatis.spring.mapper.MapperFactoryBean] is not eligible for getting processed by all BeanPostProcessors (for example: not eligible for auto-proxying) 
16:52:13.570 [main] INFO  o.s.c.s.PostProcessorRegistrationDelegate$BeanPostProcessorChecker - Bean 'articleCommentMapper' of type [class org.mybatis.spring.mapper.MapperFactoryBean] is not eligible for getting processed by all BeanPostProcessors (for example: not eligible for auto-proxying) 
16:52:13.600 [main] INFO  o.s.c.s.PostProcessorRegistrationDelegate$BeanPostProcessorChecker - Bean 'org.springframework.transaction.annotation.ProxyTransactionManagementConfiguration' of type [class org.springframework.transaction.annotation.ProxyTransactionManagementConfiguration$$EnhancerBySpringCGLIB$$7f40766f] is not eligible for getting processed by all BeanPostProcessors (for example: not eligible for auto-proxying) 
16:52:14.146 [main] INFO  o.s.b.c.e.t.TomcatEmbeddedServletContainer - Tomcat initialized with port(s): 8080 (http) 
16:52:14.164 [main] INFO  o.a.catalina.core.StandardService - Starting service Tomcat 
16:52:14.165 [main] INFO  o.a.catalina.core.StandardEngine - Starting Servlet Engine: Apache Tomcat/8.0.28 
16:52:14.333 [localhost-startStop-1] INFO  o.a.c.c.C.[Tomcat].[localhost].[/] - Initializing Spring embedded WebApplicationContext 
16:52:14.334 [localhost-startStop-1] INFO  o.s.web.context.ContextLoader - Root WebApplicationContext: initialization completed in 3884 ms 
16:52:14.816 [localhost-startStop-1] INFO  o.s.b.c.e.ServletRegistrationBean - Mapping servlet: 'dispatcherServlet' to [/] 
16:52:14.823 [localhost-startStop-1] INFO  o.s.b.c.e.FilterRegistrationBean - Mapping filter: 'characterEncodingFilter' to: [/*] 
16:52:14.823 [localhost-startStop-1] INFO  o.s.b.c.e.FilterRegistrationBean - Mapping filter: 'hiddenHttpMethodFilter' to: [/*] 
16:52:14.824 [localhost-startStop-1] INFO  o.s.b.c.e.FilterRegistrationBean - Mapping filter: 'httpPutFormContentFilter' to: [/*] 
16:52:14.824 [localhost-startStop-1] INFO  o.s.b.c.e.FilterRegistrationBean - Mapping filter: 'requestContextFilter' to: [/*] 
16:52:15.425 [main] INFO  o.s.w.s.v.f.FreeMarkerConfigurer - ClassTemplateLoader for Spring macros added to FreeMarker configuration 
16:52:15.715 [main] INFO  o.s.w.s.m.m.a.RequestMappingHandlerAdapter - Looking for @ControllerAdvice: org.springframework.boot.context.embedded.AnnotationConfigEmbeddedWebApplicationContext@5af97850: startup date [Tue May 03 16:52:10 CST 2016]; root of context hierarchy 
16:52:16.071 [main] INFO  o.s.w.s.m.m.a.RequestMappingHandlerMapping - Mapped "{[/blogs/getBlogs.html]}" onto public java.lang.String com.web.controller.BlogsController.list(com.foundation.view.Page<com.article.vo.ArticleWithBLOBs>)
16:52:16.073 [main] INFO  o.s.w.s.m.m.a.RequestMappingHandlerMapping - Mapped "{[/blogs/getComment.html]}" onto public java.lang.String com.web.controller.BlogsController.getComment(com.foundation.view.Page<com.article.vo.Comment>)
16:52:16.073 [main] INFO  o.s.w.s.m.m.a.RequestMappingHandlerMapping - Mapped "{[/blogs/{sid}.html]}" onto public java.lang.String com.web.controller.BlogsController.getArticle(java.lang.Integer,org.springframework.ui.ModelMap) 
16:52:16.074 [main] INFO  o.s.w.s.m.m.a.RequestMappingHandlerMapping - Mapped "{[/blogs/saveComment.html]}" onto public java.lang.String com.web.controller.BlogsController.saveComment(com.foundation.form.CommentForm) 
16:52:16.079 [main] INFO  o.s.w.s.m.m.a.RequestMappingHandlerMapping - Mapped "{[/deploy/main.html]}" onto public java.lang.String com.web.controller.DeployController.main(javax.servlet.http.HttpServletRequest,java.lang.String,java.lang.String,java.lang.String) 
16:52:16.080 [main] INFO  o.s.w.s.m.m.a.RequestMappingHandlerMapping - Mapped "{[/deploy/save.html]}" onto public java.lang.String com.web.controller.DeployController.save(com.foundation.form.ArticleForm,javax.servlet.http.HttpServletRequest) 
16:52:16.081 [main] INFO  o.s.w.s.m.m.a.RequestMappingHandlerMapping - Mapped "{[/deploy/getType.html]}" onto public java.lang.String com.web.controller.DeployController.getType(javax.servlet.http.HttpServletRequest) 
16:52:16.082 [main] INFO  o.s.w.s.m.m.a.RequestMappingHandlerMapping - Mapped "{[/deploy/login.html]}" onto public java.lang.String com.web.controller.DeployController.login() 
16:52:16.083 [main] INFO  o.s.w.s.m.m.a.RequestMappingHandlerMapping - Mapped "{[/deploy/upload.html]}" onto public java.lang.String com.web.controller.DeployController.upload(java.lang.String,java.lang.String,java.lang.String,java.lang.String,org.springframework.web.multipart.MultipartFile,java.lang.String) 
16:52:16.087 [main] INFO  o.s.w.s.m.m.a.RequestMappingHandlerMapping - Mapped "{[/index.html]}" onto public java.lang.String com.web.controller.IndexController.index(javax.servlet.http.HttpServletRequest) 
16:52:16.088 [main] INFO  o.s.w.s.m.m.a.RequestMappingHandlerMapping - Mapped "{[/validate/getImage.jpg]}" onto public void com.web.controller.ValidateController.getImage(javax.servlet.http.HttpServletRequest,javax.servlet.http.HttpServletResponse) 
16:52:16.090 [main] INFO  o.s.w.s.m.m.a.RequestMappingHandlerMapping - Mapped "{[/error]}" onto public java.lang.String com.web.controller.WebErrorController.handleError(javax.servlet.http.HttpServletRequest) 
16:52:16.140 [main] INFO  o.s.w.s.h.SimpleUrlHandlerMapping - Mapped URL path [/webjars/**] onto handler of type [class org.springframework.web.servlet.resource.ResourceHttpRequestHandler] 
16:52:16.141 [main] INFO  o.s.w.s.h.SimpleUrlHandlerMapping - Mapped URL path [/**] onto handler of type [class org.springframework.web.servlet.resource.ResourceHttpRequestHandler] 
16:52:16.526 [main] INFO  o.s.j.e.a.AnnotationMBeanExporter - Registering beans for JMX exposure on startup 
16:52:16.527 [main] INFO  o.s.j.e.a.AnnotationMBeanExporter - Bean with name 'dataSource' has been autodetected for JMX exposure 
16:52:16.533 [main] INFO  o.s.j.e.a.AnnotationMBeanExporter - Located MBean 'dataSource': registering with JMX server as MBean [com.zaxxer.hikari:name=dataSource,type=HikariDataSource] 
16:52:16.635 [main] INFO  o.s.b.c.e.t.TomcatEmbeddedServletContainer - Tomcat started on port(s): 8080 (http) 
16:52:16.640 [main] INFO  com.web.Start - Started Start in 7.018 seconds (JVM running for 7.656) 
16:52:18.378 [http-nio-8080-exec-1] INFO  o.a.c.c.C.[Tomcat].[localhost].[/] - Initializing Spring FrameworkServlet 'dispatcherServlet' 
16:52:18.379 [http-nio-8080-exec-1] INFO  o.s.web.servlet.DispatcherServlet - FrameworkServlet 'dispatcherServlet': initialization started 
16:52:18.393 [http-nio-8080-exec-1] INFO  o.s.web.servlet.DispatcherServlet - FrameworkServlet 'dispatcherServlet': initialization completed in 14 ms 
16:52:18.418 [http-nio-8080-exec-1] INFO  controllerLog - 来自： 0:0:0:0:0:0:0:1  的朋友访问本站！         ------》 
16:52:19.476 [http-nio-8080-exec-8] INFO  controllerLog - 进入获取文章列表方法 
16:52:19.477 [http-nio-8080-exec-8] INFO  serviceLog - 进入查询文章分页方法 
16:52:19.614 [http-nio-8080-exec-8] INFO  controllerLog - 退出获取文章列表方法，返回参数：page对象信息： page: 2, pageNum: 10, pageSize: 10, listSize: 8 
